[2026-04-09 13:51:08.363 +05:30  INF]  User profile is available. Using 'C:\Users\admin\AppData\Local\ASP.NET\DataProtection-Keys' as key repository and Windows DPAPI to encrypt keys at rest.
[2026-04-09 13:51:09.924 +05:30  INF]  Now listening on: https://localhost:7253
[2026-04-09 13:51:09.925 +05:30  INF]  Now listening on: http://localhost:5092
[2026-04-09 13:51:10.016 +05:30  INF]  Application started. Press Ctrl+C to shut down.
[2026-04-09 13:51:10.016 +05:30  INF]  Hosting environment: Development
[2026-04-09 13:51:10.017 +05:30  INF]  Content root path: C:\Akanksha\Test\Test
[2026-04-09 13:51:11.192 +05:30  INF]  Request starting HTTP/2 GET https://localhost:7253/ - null null
[2026-04-09 13:51:11.534 +05:30  INF]  Executing endpoint 'Test.Controllers.AdminController.Login (Test)'
[2026-04-09 13:51:11.588 +05:30  INF]  Route matched with {action = "Login", controller = "Admin"}. Executing controller action with signature System.Threading.Tasks.Task`1[Microsoft.AspNetCore.Mvc.IActionResult] Login() on controller Test.Controllers.AdminController (Test).
[2026-04-09 13:51:11.604 +05:30  INF]  Today was so sunny!!
[2026-04-09 13:51:11.619 +05:30  INF]  Executing ViewResult, running view Login.
[2026-04-09 13:51:11.718 +05:30  INF]  Executed ViewResult - view Login executed in 91.5155ms.
[2026-04-09 13:51:11.721 +05:30  INF]  Executed action Test.Controllers.AdminController.Login (Test) in 131.6764ms
[2026-04-09 13:51:11.725 +05:30  INF]  Executed endpoint 'Test.Controllers.AdminController.Login (Test)'
[2026-04-09 13:51:11.733 +05:30  INF]  Request finished HTTP/2 GET https://localhost:7253/ - 200 null text/html; charset=utf-8 552.2523ms
[2026-04-09 13:51:11.741 +05:30  INF]  Request starting HTTP/2 GET https://localhost:7253/_framework/aspnetcore-browser-refresh.js - null null
[2026-04-09 13:51:11.757 +05:30  INF]  Request finished HTTP/2 GET https://localhost:7253/_framework/aspnetcore-browser-refresh.js - 200 16493 application/javascript; charset=utf-8 16.2911ms
[2026-04-09 13:51:11.794 +05:30  INF]  Request starting HTTP/2 GET https://localhost:7253/_vs/browserLink - null null
[2026-04-09 13:51:11.848 +05:30  INF]  Request finished HTTP/2 GET https://localhost:7253/_vs/browserLink - 200 null text/javascript; charset=UTF-8 53.1484ms
[2026-04-09 13:51:12.497 +05:30  INF]  Request starting HTTP/2 GET https://localhost:7253/favicon.ico - null null
[2026-04-09 13:51:12.509 +05:30  INF]  Executing endpoint 'Microsoft.AspNetCore.Routing.RouteEndpoint'
[2026-04-09 13:51:12.566 +05:30  INF]  Sending file. Request path: 'favicon.ico'. Physical path: 'C:\Akanksha\Test\Test\obj\Debug\net9.0\compressed\3om3alwwon-{0}-61n19gt1b8-61n19gt1b8.gz'
[2026-04-09 13:51:12.567 +05:30  INF]  Executed endpoint 'Microsoft.AspNetCore.Routing.RouteEndpoint'
[2026-04-09 13:51:12.569 +05:30  INF]  Request finished HTTP/2 GET https://localhost:7253/favicon.ico - 200 5463 image/x-icon 72.2147ms
[2026-04-09 14:42:14.102 +05:30  INF]  User profile is available. Using 'C:\Users\admin\AppData\Local\ASP.NET\DataProtection-Keys' as key repository and Windows DPAPI to encrypt keys at rest.
[2026-04-09 14:42:16.154 +05:30  INF]  Now listening on: https://localhost:7253
[2026-04-09 14:42:16.155 +05:30  INF]  Now listening on: http://localhost:5092
[2026-04-09 14:42:16.264 +05:30  INF]  Application started. Press Ctrl+C to shut down.
[2026-04-09 14:42:16.264 +05:30  INF]  Hosting environment: Development
[2026-04-09 14:42:16.264 +05:30  INF]  Content root path: C:\Akanksha\Test\Test
[2026-04-09 14:42:17.270 +05:30  INF]  Request starting HTTP/2 GET https://localhost:7253/ - null null
[2026-04-09 14:42:17.796 +05:30  INF]  Executing endpoint 'Test.Controllers.AdminController.Login (Test)'
[2026-04-09 14:42:17.878 +05:30  INF]  Route matched with {action = "Login", controller = "Admin"}. Executing controller action with signature System.Threading.Tasks.Task`1[Microsoft.AspNetCore.Mvc.IActionResult] Login() on controller Test.Controllers.AdminController (Test).
[2026-04-09 14:42:17.896 +05:30  INF]  Today was so sunny!!
[2026-04-09 14:42:17.912 +05:30  INF]  Executing ViewResult, running view Login.
[2026-04-09 14:42:18.254 +05:30  INF]  Executed ViewResult - view Login executed in 341.0883ms.
[2026-04-09 14:42:18.255 +05:30  INF]  Executed action Test.Controllers.AdminController.Login (Test) in 376.59ms
[2026-04-09 14:42:18.255 +05:30  INF]  Executed endpoint 'Test.Controllers.AdminController.Login (Test)'
[2026-04-09 14:42:18.260 +05:30  INF]  Request finished HTTP/2 GET https://localhost:7253/ - 200 null text/html; charset=utf-8 1001.936ms
[2026-04-09 14:42:18.303 +05:30  INF]  Request starting HTTP/2 GET https://localhost:7253/_framework/aspnetcore-browser-refresh.js - null null
[2026-04-09 14:42:18.330 +05:30  INF]  Request finished HTTP/2 GET https://localhost:7253/_framework/aspnetcore-browser-refresh.js - 200 16493 application/javascript; charset=utf-8 26.4228ms
[2026-04-09 14:42:18.430 +05:30  INF]  Request starting HTTP/2 GET https://localhost:7253/_vs/browserLink - null null
[2026-04-09 14:42:18.536 +05:30  INF]  Request finished HTTP/2 GET https://localhost:7253/_vs/browserLink - 200 null text/javascript; charset=UTF-8 106.529ms
[2026-04-09 15:18:52.672 +05:30  INF]  User profile is available. Using 'C:\Users\admin\AppData\Local\ASP.NET\DataProtection-Keys' as key repository and Windows DPAPI to encrypt keys at rest.
[2026-04-09 15:18:54.596 +05:30  INF]  Now listening on: https://localhost:7253
[2026-04-09 15:18:54.597 +05:30  INF]  Now listening on: http://localhost:5092
[2026-04-09 15:18:54.735 +05:30  INF]  Application started. Press Ctrl+C to shut down.
[2026-04-09 15:18:54.735 +05:30  INF]  Hosting environment: Development
[2026-04-09 15:18:54.735 +05:30  INF]  Content root path: C:\Akanksha\Test\Test
[2026-04-09 15:18:55.184 +05:30  INF]  Request starting HTTP/2 GET https://localhost:7253/ - null null
[2026-04-09 15:18:55.608 +05:30  INF]  Executing endpoint 'Test.Controllers.AdminController.Login (Test)'
[2026-04-09 15:18:55.683 +05:30  INF]  Route matched with {action = "Login", controller = "Admin"}. Executing controller action with signature System.Threading.Tasks.Task`1[Microsoft.AspNetCore.Mvc.IActionResult] Login() on controller Test.Controllers.AdminController (Test).
[2026-04-09 15:18:55.701 +05:30  INF]  Today was so sunny!!
[2026-04-09 15:18:55.717 +05:30  INF]  Executing ViewResult, running view Login.
[2026-04-09 15:18:55.837 +05:30  INF]  Executed ViewResult - view Login executed in 117.8349ms.
[2026-04-09 15:18:55.841 +05:30  INF]  Executed action Test.Controllers.AdminController.Login (Test) in 156.8542ms
[2026-04-09 15:18:55.841 +05:30  INF]  Executed endpoint 'Test.Controllers.AdminController.Login (Test)'
[2026-04-09 15:18:55.856 +05:30  INF]  Request finished HTTP/2 GET https://localhost:7253/ - 200 null text/html; charset=utf-8 682.1437ms
[2026-04-09 15:18:55.865 +05:30  INF]  Request starting HTTP/2 GET https://localhost:7253/_framework/aspnetcore-browser-refresh.js - null null
[2026-04-09 15:18:55.885 +05:30  INF]  Request finished HTTP/2 GET https://localhost:7253/_framework/aspnetcore-browser-refresh.js - 200 16493 application/javascript; charset=utf-8 19.6676ms
[2026-04-09 15:18:55.932 +05:30  INF]  Request starting HTTP/2 GET https://localhost:7253/_vs/browserLink - null null
[2026-04-09 15:18:56.024 +05:30  INF]  Request finished HTTP/2 GET https://localhost:7253/_vs/browserLink - 200 null text/javascript; charset=UTF-8 92.4529ms
[2026-04-09 15:26:35.276 +05:30  INF]  User profile is available. Using 'C:\Users\admin\AppData\Local\ASP.NET\DataProtection-Keys' as key repository and Windows DPAPI to encrypt keys at rest.
[2026-04-09 15:26:37.811 +05:30  INF]  Now listening on: https://localhost:7253
[2026-04-09 15:26:37.812 +05:30  INF]  Now listening on: http://localhost:5092
[2026-04-09 15:26:37.961 +05:30  INF]  Application started. Press Ctrl+C to shut down.
[2026-04-09 15:26:37.961 +05:30  INF]  Hosting environment: Development
[2026-04-09 15:26:37.962 +05:30  INF]  Content root path: C:\Akanksha\Test\Test
[2026-04-09 15:26:38.952 +05:30  INF]  Request starting HTTP/2 GET https://localhost:7253/ - null null
[2026-04-09 15:26:39.715 +05:30  INF]  Executing endpoint 'Test.Controllers.AdminController.Login (Test)'
[2026-04-09 15:26:39.797 +05:30  INF]  Route matched with {action = "Login", controller = "Admin"}. Executing controller action with signature System.Threading.Tasks.Task`1[Microsoft.AspNetCore.Mvc.IActionResult] Login() on controller Test.Controllers.AdminController (Test).
[2026-04-09 15:26:39.855 +05:30  INF]  Today was so sunny!!
[2026-04-09 15:26:39.898 +05:30  INF]  Executing ViewResult, running view Login.
[2026-04-09 15:26:40.039 +05:30  INF]  Executed ViewResult - view Login executed in 165.3948ms.
[2026-04-09 15:26:40.040 +05:30  INF]  Executed action Test.Controllers.AdminController.Login (Test) in 242.2653ms
[2026-04-09 15:26:40.040 +05:30  INF]  Executed endpoint 'Test.Controllers.AdminController.Login (Test)'
[2026-04-09 15:26:40.046 +05:30  INF]  Request finished HTTP/2 GET https://localhost:7253/ - 200 null text/html; charset=utf-8 1103.9314ms
[2026-04-09 15:26:40.086 +05:30  INF]  Request starting HTTP/2 GET https://localhost:7253/_framework/aspnetcore-browser-refresh.js - null null
[2026-04-09 15:26:40.129 +05:30  INF]  Request finished HTTP/2 GET https://localhost:7253/_framework/aspnetcore-browser-refresh.js - 200 16493 application/javascript; charset=utf-8 42.9217ms
[2026-04-09 15:26:40.167 +05:30  INF]  Request starting HTTP/2 GET https://localhost:7253/_vs/browserLink - null null
[2026-04-09 15:26:40.311 +05:30  INF]  Request finished HTTP/2 GET https://localhost:7253/_vs/browserLink - 200 null text/javascript; charset=UTF-8 143.5371ms
[2026-04-09 16:00:12.944 +05:30  INF]  Request starting HTTP/2 GET https://localhost:7253/ - null null
[2026-04-09 16:00:12.954 +05:30  INF]  Executing endpoint 'Test.Controllers.AdminController.Login (Test)'
[2026-04-09 16:00:12.963 +05:30  INF]  Route matched with {action = "Login", controller = "Admin"}. Executing controller action with signature System.Threading.Tasks.Task`1[Microsoft.AspNetCore.Mvc.IActionResult] Login() on controller Test.Controllers.AdminController (Test).
[2026-04-09 16:00:12.964 +05:30  INF]  Today was so sunny!!
[2026-04-09 16:00:12.966 +05:30  INF]  Executing ViewResult, running view Login.
[2026-04-09 16:00:12.975 +05:30  INF]  Executed ViewResult - view Login executed in 10.984ms.
[2026-04-09 16:00:12.975 +05:30  INF]  Executed action Test.Controllers.AdminController.Login (Test) in 12.2512ms
[2026-04-09 16:00:12.976 +05:30  INF]  Executed endpoint 'Test.Controllers.AdminController.Login (Test)'
[2026-04-09 16:00:12.976 +05:30  INF]  Request finished HTTP/2 GET https://localhost:7253/ - 200 null text/html; charset=utf-8 32.4384ms
[2026-04-09 16:00:13.023 +05:30  INF]  Request starting HTTP/2 GET https://localhost:7253/_framework/aspnetcore-browser-refresh.js - null null
[2026-04-09 16:00:13.024 +05:30  INF]  Request finished HTTP/2 GET https://localhost:7253/_framework/aspnetcore-browser-refresh.js - 200 16493 application/javascript; charset=utf-8 1.175ms
[2026-04-09 16:00:13.078 +05:30  INF]  Request starting HTTP/2 GET https://localhost:7253/_vs/browserLink - null null
[2026-04-09 16:00:13.116 +05:30  INF]  Request finished HTTP/2 GET https://localhost:7253/_vs/browserLink - 200 null text/javascript; charset=UTF-8 37.8041ms
[2026-04-09 16:00:15.032 +05:30  INF]  Request starting HTTP/2 GET https://localhost:7253/favicon.ico - null null
[2026-04-09 16:00:15.040 +05:30  INF]  Executing endpoint 'Microsoft.AspNetCore.Routing.RouteEndpoint'
[2026-04-09 16:00:15.149 +05:30  INF]  Sending file. Request path: 'favicon.ico'. Physical path: 'C:\Akanksha\Test\Test\obj\Debug\net9.0\compressed\3om3alwwon-{0}-61n19gt1b8-61n19gt1b8.gz'
[2026-04-09 16:00:15.151 +05:30  INF]  Executed endpoint 'Microsoft.AspNetCore.Routing.RouteEndpoint'
[2026-04-09 16:00:15.153 +05:30  INF]  Request finished HTTP/2 GET https://localhost:7253/favicon.ico - 200 5463 image/x-icon 121.1901ms
[2026-04-09 16:00:16.067 +05:30  INF]  Request starting HTTP/2 GET https://localhost:7253/ - null null
[2026-04-09 16:00:16.070 +05:30  INF]  Executing endpoint 'Test.Controllers.AdminController.Login (Test)'
[2026-04-09 16:00:16.074 +05:30  INF]  Route matched with {action = "Login", controller = "Admin"}. Executing controller action with signature System.Threading.Tasks.Task`1[Microsoft.AspNetCore.Mvc.IActionResult] Login() on controller Test.Controllers.AdminController (Test).
[2026-04-09 16:00:16.074 +05:30  INF]  Today was so sunny!!
[2026-04-09 16:00:16.075 +05:30  INF]  Executing ViewResult, running view Login.
[2026-04-09 16:00:16.080 +05:30  INF]  Executed ViewResult - view Login executed in 6.1617ms.
[2026-04-09 16:00:16.081 +05:30  INF]  Executed action Test.Controllers.AdminController.Login (Test) in 6.5975ms
[2026-04-09 16:00:16.081 +05:30  INF]  Executed endpoint 'Test.Controllers.AdminController.Login (Test)'
[2026-04-09 16:00:16.081 +05:30  INF]  Request finished HTTP/2 GET https://localhost:7253/ - 200 null text/html; charset=utf-8 14.1381ms
[2026-04-09 16:00:16.116 +05:30  INF]  Request starting HTTP/2 GET https://localhost:7253/_framework/aspnetcore-browser-refresh.js - null null
[2026-04-09 16:00:16.117 +05:30  INF]  Request starting HTTP/2 GET https://localhost:7253/_vs/browserLink - null null
[2026-04-09 16:00:16.118 +05:30  INF]  Request finished HTTP/2 GET https://localhost:7253/_framework/aspnetcore-browser-refresh.js - 200 16493 application/javascript; charset=utf-8 1.3926ms
[2026-04-09 16:00:16.130 +05:30  INF]  Request finished HTTP/2 GET https://localhost:7253/_vs/browserLink - 200 null text/javascript; charset=UTF-8 13.7029ms
[2026-04-09 16:00:16.284 +05:30  INF]  Request starting HTTP/2 GET https://localhost:7253/favicon.ico - null null
[2026-04-09 16:00:16.285 +05:30  INF]  Executing endpoint 'Microsoft.AspNetCore.Routing.RouteEndpoint'
[2026-04-09 16:00:16.295 +05:30  INF]  Sending file. Request path: 'favicon.ico'. Physical path: 'C:\Akanksha\Test\Test\obj\Debug\net9.0\compressed\3om3alwwon-{0}-61n19gt1b8-61n19gt1b8.gz'
[2026-04-09 16:00:16.295 +05:30  INF]  Executed endpoint 'Microsoft.AspNetCore.Routing.RouteEndpoint'
[2026-04-09 16:00:16.295 +05:30  INF]  Request finished HTTP/2 GET https://localhost:7253/favicon.ico - 200 5463 image/x-icon 11.1094ms
