[2026-04-07 11:37:48.041 +05:30  INF]  User profile is available. Using 'C:\Users\admin\AppData\Local\ASP.NET\DataProtection-Keys' as key repository and Windows DPAPI to encrypt keys at rest.
[2026-04-07 11:37:50.186 +05:30  INF]  Now listening on: https://localhost:7253
[2026-04-07 11:37:50.188 +05:30  INF]  Now listening on: http://localhost:5092
[2026-04-07 11:37:50.330 +05:30  INF]  Application started. Press Ctrl+C to shut down.
[2026-04-07 11:37:50.334 +05:30  INF]  Hosting environment: Development
[2026-04-07 11:37:50.334 +05:30  INF]  Content root path: C:\Akanksha\Test\Test
[2026-04-07 11:37:52.189 +05:30  INF]  Request starting HTTP/2 GET https://localhost:7253/ - null null
[2026-04-07 11:37:52.795 +05:30  INF]  Executing endpoint 'Test.Controllers.AdminController.Login (Test)'
[2026-04-07 11:37:52.888 +05:30  INF]  Route matched with {action = "Login", controller = "Admin"}. Executing controller action with signature System.Threading.Tasks.Task`1[Microsoft.AspNetCore.Mvc.IActionResult] Login() on controller Test.Controllers.AdminController (Test).
[2026-04-07 11:37:52.917 +05:30  INF]  Today was so sunny!!
[2026-04-07 11:37:52.936 +05:30  INF]  Executing ViewResult, running view Login.
[2026-04-07 11:37:53.040 +05:30  INF]  Executed ViewResult - view Login executed in 108.7087ms.
[2026-04-07 11:37:53.046 +05:30  INF]  Executed action Test.Controllers.AdminController.Login (Test) in 156.5292ms
[2026-04-07 11:37:53.046 +05:30  INF]  Executed endpoint 'Test.Controllers.AdminController.Login (Test)'
[2026-04-07 11:37:53.053 +05:30  INF]  Request finished HTTP/2 GET https://localhost:7253/ - 200 null text/html; charset=utf-8 872.3168ms
[2026-04-07 11:37:53.072 +05:30  INF]  Request starting HTTP/2 GET https://localhost:7253/_framework/aspnetcore-browser-refresh.js - null null
[2026-04-07 11:37:53.086 +05:30  INF]  Request finished HTTP/2 GET https://localhost:7253/_framework/aspnetcore-browser-refresh.js - 200 16493 application/javascript; charset=utf-8 14.784ms
[2026-04-07 11:37:53.138 +05:30  INF]  Request starting HTTP/2 GET https://localhost:7253/_vs/browserLink - null null
[2026-04-07 11:37:53.199 +05:30  INF]  Request finished HTTP/2 GET https://localhost:7253/_vs/browserLink - 200 null text/javascript; charset=UTF-8 61.355ms
[2026-04-07 11:37:54.282 +05:30  INF]  Request starting HTTP/2 GET https://localhost:7253/favicon.ico - null null
[2026-04-07 11:37:54.289 +05:30  INF]  Executing endpoint 'Microsoft.AspNetCore.Routing.RouteEndpoint'
[2026-04-07 11:37:54.648 +05:30  INF]  Sending file. Request path: 'favicon.ico'. Physical path: 'C:\Akanksha\Test\Test\obj\Debug\net9.0\compressed\3om3alwwon-{0}-61n19gt1b8-61n19gt1b8.gz'
[2026-04-07 11:37:54.652 +05:30  INF]  Executed endpoint 'Microsoft.AspNetCore.Routing.RouteEndpoint'
[2026-04-07 11:37:54.655 +05:30  INF]  Request finished HTTP/2 GET https://localhost:7253/favicon.ico - 200 5463 image/x-icon 372.381ms
[2026-04-07 11:48:06.077 +05:30  INF]  User profile is available. Using 'C:\Users\admin\AppData\Local\ASP.NET\DataProtection-Keys' as key repository and Windows DPAPI to encrypt keys at rest.
[2026-04-07 11:48:07.313 +05:30  INF]  Now listening on: https://localhost:7253
[2026-04-07 11:48:07.314 +05:30  INF]  Now listening on: http://localhost:5092
[2026-04-07 11:48:07.370 +05:30  INF]  Application started. Press Ctrl+C to shut down.
[2026-04-07 11:48:07.371 +05:30  INF]  Hosting environment: Development
[2026-04-07 11:48:07.371 +05:30  INF]  Content root path: C:\Akanksha\Test\Test
[2026-04-07 11:48:09.018 +05:30  INF]  Request starting HTTP/2 GET https://localhost:7253/ - null null
[2026-04-07 11:48:09.552 +05:30  INF]  Executing endpoint 'Test.Controllers.AdminController.Login (Test)'
[2026-04-07 11:48:09.632 +05:30  INF]  Route matched with {action = "Login", controller = "Admin"}. Executing controller action with signature System.Threading.Tasks.Task`1[Microsoft.AspNetCore.Mvc.IActionResult] Login() on controller Test.Controllers.AdminController (Test).
[2026-04-07 11:48:09.652 +05:30  INF]  Today was so sunny!!
[2026-04-07 11:48:09.671 +05:30  INF]  Executing ViewResult, running view Login.
[2026-04-07 11:48:09.763 +05:30  INF]  Executed ViewResult - view Login executed in 95.2299ms.
[2026-04-07 11:48:09.766 +05:30  INF]  Executed action Test.Controllers.AdminController.Login (Test) in 132.4263ms
[2026-04-07 11:48:09.766 +05:30  INF]  Executed endpoint 'Test.Controllers.AdminController.Login (Test)'
[2026-04-07 11:48:09.775 +05:30  INF]  Request finished HTTP/2 GET https://localhost:7253/ - 200 null text/html; charset=utf-8 770.1271ms
[2026-04-07 11:48:09.836 +05:30  INF]  Request starting HTTP/2 GET https://localhost:7253/_framework/aspnetcore-browser-refresh.js - null null
[2026-04-07 11:48:09.859 +05:30  INF]  Request finished HTTP/2 GET https://localhost:7253/_framework/aspnetcore-browser-refresh.js - 200 16493 application/javascript; charset=utf-8 23.8895ms
[2026-04-07 11:48:09.929 +05:30  INF]  Request starting HTTP/2 GET https://localhost:7253/_vs/browserLink - null null
[2026-04-07 11:48:09.997 +05:30  INF]  Request finished HTTP/2 GET https://localhost:7253/_vs/browserLink - 200 null text/javascript; charset=UTF-8 68.6383ms
[2026-04-07 11:51:54.666 +05:30  INF]  User profile is available. Using 'C:\Users\admin\AppData\Local\ASP.NET\DataProtection-Keys' as key repository and Windows DPAPI to encrypt keys at rest.
[2026-04-07 11:51:56.567 +05:30  INF]  Now listening on: https://localhost:7253
[2026-04-07 11:51:56.568 +05:30  INF]  Now listening on: http://localhost:5092
[2026-04-07 11:51:56.666 +05:30  INF]  Application started. Press Ctrl+C to shut down.
[2026-04-07 11:51:56.667 +05:30  INF]  Hosting environment: Development
[2026-04-07 11:51:56.667 +05:30  INF]  Content root path: C:\Akanksha\Test\Test
[2026-04-07 11:51:57.602 +05:30  INF]  Request starting HTTP/2 GET https://localhost:7253/ - null null
[2026-04-07 11:51:58.047 +05:30  INF]  Executing endpoint 'Test.Controllers.AdminController.Login (Test)'
[2026-04-07 11:51:58.119 +05:30  INF]  Route matched with {action = "Login", controller = "Admin"}. Executing controller action with signature System.Threading.Tasks.Task`1[Microsoft.AspNetCore.Mvc.IActionResult] Login() on controller Test.Controllers.AdminController (Test).
[2026-04-07 11:51:58.138 +05:30  INF]  Today was so sunny!!
[2026-04-07 11:51:58.156 +05:30  INF]  Executing ViewResult, running view Login.
[2026-04-07 11:51:58.256 +05:30  INF]  Executed ViewResult - view Login executed in 100.6271ms.
[2026-04-07 11:51:58.258 +05:30  INF]  Executed action Test.Controllers.AdminController.Login (Test) in 137.6131ms
[2026-04-07 11:51:58.258 +05:30  INF]  Executed endpoint 'Test.Controllers.AdminController.Login (Test)'
[2026-04-07 11:51:58.269 +05:30  INF]  Request finished HTTP/2 GET https://localhost:7253/ - 200 null text/html; charset=utf-8 675.9357ms
[2026-04-07 11:51:58.304 +05:30  INF]  Request starting HTTP/2 GET https://localhost:7253/_framework/aspnetcore-browser-refresh.js - null null
[2026-04-07 11:51:58.331 +05:30  INF]  Request finished HTTP/2 GET https://localhost:7253/_framework/aspnetcore-browser-refresh.js - 200 16493 application/javascript; charset=utf-8 26.4427ms
[2026-04-07 11:51:58.348 +05:30  INF]  Request starting HTTP/2 GET https://localhost:7253/_vs/browserLink - null null
[2026-04-07 11:51:58.440 +05:30  INF]  Request finished HTTP/2 GET https://localhost:7253/_vs/browserLink - 200 null text/javascript; charset=UTF-8 91.4208ms
[2026-04-07 11:56:11.028 +05:30  INF]  User profile is available. Using 'C:\Users\admin\AppData\Local\ASP.NET\DataProtection-Keys' as key repository and Windows DPAPI to encrypt keys at rest.
[2026-04-07 11:56:12.632 +05:30  INF]  Now listening on: https://localhost:7253
[2026-04-07 11:56:12.634 +05:30  INF]  Now listening on: http://localhost:5092
[2026-04-07 11:56:12.725 +05:30  INF]  Application started. Press Ctrl+C to shut down.
[2026-04-07 11:56:12.725 +05:30  INF]  Hosting environment: Development
[2026-04-07 11:56:12.725 +05:30  INF]  Content root path: C:\Akanksha\Test\Test
[2026-04-07 11:56:13.547 +05:30  INF]  Request starting HTTP/2 GET https://localhost:7253/ - null null
[2026-04-07 11:56:13.925 +05:30  INF]  Executing endpoint 'Test.Controllers.AdminController.Login (Test)'
[2026-04-07 11:56:13.977 +05:30  INF]  Route matched with {action = "Login", controller = "Admin"}. Executing controller action with signature System.Threading.Tasks.Task`1[Microsoft.AspNetCore.Mvc.IActionResult] Login() on controller Test.Controllers.AdminController (Test).
[2026-04-07 11:56:13.994 +05:30  INF]  Today was so sunny!!
[2026-04-07 11:56:14.008 +05:30  INF]  Executing ViewResult, running view Login.
[2026-04-07 11:56:14.091 +05:30  INF]  Executed ViewResult - view Login executed in 86.0116ms.
[2026-04-07 11:56:14.094 +05:30  INF]  Executed action Test.Controllers.AdminController.Login (Test) in 115.1985ms
[2026-04-07 11:56:14.094 +05:30  INF]  Executed endpoint 'Test.Controllers.AdminController.Login (Test)'
[2026-04-07 11:56:14.104 +05:30  INF]  Request finished HTTP/2 GET https://localhost:7253/ - 200 null text/html; charset=utf-8 564.0785ms
[2026-04-07 11:56:14.122 +05:30  INF]  Request starting HTTP/2 GET https://localhost:7253/_framework/aspnetcore-browser-refresh.js - null null
[2026-04-07 11:56:14.134 +05:30  INF]  Request finished HTTP/2 GET https://localhost:7253/_framework/aspnetcore-browser-refresh.js - 200 16493 application/javascript; charset=utf-8 12.3957ms
[2026-04-07 11:56:14.177 +05:30  INF]  Request starting HTTP/2 GET https://localhost:7253/_vs/browserLink - null null
[2026-04-07 11:56:14.250 +05:30  INF]  Request finished HTTP/2 GET https://localhost:7253/_vs/browserLink - 200 null text/javascript; charset=UTF-8 72.5942ms
[2026-04-07 11:57:59.909 +05:30  INF]  User profile is available. Using 'C:\Users\admin\AppData\Local\ASP.NET\DataProtection-Keys' as key repository and Windows DPAPI to encrypt keys at rest.
[2026-04-07 11:58:01.963 +05:30  INF]  Now listening on: https://localhost:7253
[2026-04-07 11:58:01.967 +05:30  INF]  Now listening on: http://localhost:5092
[2026-04-07 11:58:02.243 +05:30  INF]  Application started. Press Ctrl+C to shut down.
[2026-04-07 11:58:02.244 +05:30  INF]  Hosting environment: Development
[2026-04-07 11:58:02.244 +05:30  INF]  Content root path: C:\Akanksha\Test\Test
[2026-04-07 11:58:03.177 +05:30  INF]  Request starting HTTP/2 GET https://localhost:7253/ - null null
[2026-04-07 11:58:03.667 +05:30  INF]  Executing endpoint 'Test.Controllers.AdminController.Login (Test)'
[2026-04-07 11:58:03.749 +05:30  INF]  Route matched with {action = "Login", controller = "Admin"}. Executing controller action with signature System.Threading.Tasks.Task`1[Microsoft.AspNetCore.Mvc.IActionResult] Login() on controller Test.Controllers.AdminController (Test).
[2026-04-07 11:58:03.772 +05:30  INF]  Today was so sunny!!
[2026-04-07 11:58:03.791 +05:30  INF]  Executing ViewResult, running view Login.
[2026-04-07 11:58:03.888 +05:30  INF]  Executed ViewResult - view Login executed in 104.4387ms.
[2026-04-07 11:58:03.891 +05:30  INF]  Executed action Test.Controllers.AdminController.Login (Test) in 140.7975ms
[2026-04-07 11:58:03.891 +05:30  INF]  Executed endpoint 'Test.Controllers.AdminController.Login (Test)'
[2026-04-07 11:58:03.901 +05:30  INF]  Request finished HTTP/2 GET https://localhost:7253/ - 200 null text/html; charset=utf-8 757.5445ms
[2026-04-07 11:58:03.918 +05:30  INF]  Request starting HTTP/2 GET https://localhost:7253/_framework/aspnetcore-browser-refresh.js - null null
[2026-04-07 11:58:03.931 +05:30  INF]  Request finished HTTP/2 GET https://localhost:7253/_framework/aspnetcore-browser-refresh.js - 200 16493 application/javascript; charset=utf-8 13.9476ms
[2026-04-07 11:58:03.981 +05:30  INF]  Request starting HTTP/2 GET https://localhost:7253/_vs/browserLink - null null
[2026-04-07 11:58:04.037 +05:30  INF]  Request finished HTTP/2 GET https://localhost:7253/_vs/browserLink - 200 null text/javascript; charset=UTF-8 56.2925ms
[2026-04-07 12:01:08.184 +05:30  INF]  User profile is available. Using 'C:\Users\admin\AppData\Local\ASP.NET\DataProtection-Keys' as key repository and Windows DPAPI to encrypt keys at rest.
[2026-04-07 12:01:10.398 +05:30  INF]  Now listening on: https://localhost:7253
[2026-04-07 12:01:10.399 +05:30  INF]  Now listening on: http://localhost:5092
[2026-04-07 12:01:10.479 +05:30  INF]  Application started. Press Ctrl+C to shut down.
[2026-04-07 12:01:10.479 +05:30  INF]  Hosting environment: Development
[2026-04-07 12:01:10.479 +05:30  INF]  Content root path: C:\Akanksha\Test\Test
[2026-04-07 12:01:11.178 +05:30  INF]  Request starting HTTP/2 GET https://localhost:7253/ - null null
[2026-04-07 12:01:11.710 +05:30  INF]  Executing endpoint 'Test.Controllers.AdminController.Login (Test)'
[2026-04-07 12:01:11.797 +05:30  INF]  Route matched with {action = "Login", controller = "Admin"}. Executing controller action with signature System.Threading.Tasks.Task`1[Microsoft.AspNetCore.Mvc.IActionResult] Login() on controller Test.Controllers.AdminController (Test).
[2026-04-07 12:01:11.820 +05:30  INF]  Today was so sunny!!
[2026-04-07 12:01:11.852 +05:30  INF]  Executing ViewResult, running view Login.
[2026-04-07 12:01:11.964 +05:30  INF]  Executed ViewResult - view Login executed in 128.6574ms.
[2026-04-07 12:01:11.968 +05:30  INF]  Executed action Test.Controllers.AdminController.Login (Test) in 169.22ms
[2026-04-07 12:01:11.968 +05:30  INF]  Executed endpoint 'Test.Controllers.AdminController.Login (Test)'
[2026-04-07 12:01:11.975 +05:30  INF]  Request finished HTTP/2 GET https://localhost:7253/ - 200 null text/html; charset=utf-8 807.1316ms
[2026-04-07 12:01:11.993 +05:30  INF]  Request starting HTTP/2 GET https://localhost:7253/_framework/aspnetcore-browser-refresh.js - null null
[2026-04-07 12:01:12.010 +05:30  INF]  Request finished HTTP/2 GET https://localhost:7253/_framework/aspnetcore-browser-refresh.js - 200 16493 application/javascript; charset=utf-8 16.5046ms
[2026-04-07 12:01:12.056 +05:30  INF]  Request starting HTTP/2 GET https://localhost:7253/_vs/browserLink - null null
[2026-04-07 12:01:12.132 +05:30  INF]  Request finished HTTP/2 GET https://localhost:7253/_vs/browserLink - 200 null text/javascript; charset=UTF-8 75.4728ms
[2026-04-07 12:04:39.918 +05:30  INF]  User profile is available. Using 'C:\Users\admin\AppData\Local\ASP.NET\DataProtection-Keys' as key repository and Windows DPAPI to encrypt keys at rest.
[2026-04-07 12:04:41.498 +05:30  INF]  Now listening on: https://localhost:7253
[2026-04-07 12:04:41.500 +05:30  INF]  Now listening on: http://localhost:5092
[2026-04-07 12:04:41.584 +05:30  INF]  Application started. Press Ctrl+C to shut down.
[2026-04-07 12:04:41.584 +05:30  INF]  Hosting environment: Development
[2026-04-07 12:04:41.584 +05:30  INF]  Content root path: C:\Akanksha\Test\Test
[2026-04-07 12:04:42.124 +05:30  INF]  Request starting HTTP/2 GET https://localhost:7253/ - null null
[2026-04-07 12:04:42.776 +05:30  INF]  Executing endpoint 'Test.Controllers.AdminController.Login (Test)'
[2026-04-07 12:04:42.871 +05:30  INF]  Route matched with {action = "Login", controller = "Admin"}. Executing controller action with signature System.Threading.Tasks.Task`1[Microsoft.AspNetCore.Mvc.IActionResult] Login() on controller Test.Controllers.AdminController (Test).
[2026-04-07 12:04:42.897 +05:30  INF]  Today was so sunny!!
[2026-04-07 12:04:42.922 +05:30  INF]  Executing ViewResult, running view Login.
[2026-04-07 12:04:43.036 +05:30  INF]  Executed ViewResult - view Login executed in 121.1228ms.
[2026-04-07 12:04:43.039 +05:30  INF]  Executed action Test.Controllers.AdminController.Login (Test) in 166.5663ms
[2026-04-07 12:04:43.039 +05:30  INF]  Executed endpoint 'Test.Controllers.AdminController.Login (Test)'
[2026-04-07 12:04:43.046 +05:30  INF]  Request finished HTTP/2 GET https://localhost:7253/ - 200 null text/html; charset=utf-8 934.2587ms
[2026-04-07 12:04:43.152 +05:30  INF]  Request starting HTTP/2 GET https://localhost:7253/_framework/aspnetcore-browser-refresh.js - null null
[2026-04-07 12:04:43.155 +05:30  INF]  Request starting HTTP/2 GET https://localhost:7253/_vs/browserLink - null null
[2026-04-07 12:04:43.175 +05:30  INF]  Request finished HTTP/2 GET https://localhost:7253/_framework/aspnetcore-browser-refresh.js - 200 16493 application/javascript; charset=utf-8 24.5632ms
[2026-04-07 12:04:43.296 +05:30  INF]  Request finished HTTP/2 GET https://localhost:7253/_vs/browserLink - 200 null text/javascript; charset=UTF-8 140.6395ms
[2026-04-07 12:07:49.666 +05:30  INF]  User profile is available. Using 'C:\Users\admin\AppData\Local\ASP.NET\DataProtection-Keys' as key repository and Windows DPAPI to encrypt keys at rest.
[2026-04-07 12:07:51.675 +05:30  INF]  Now listening on: https://localhost:7253
[2026-04-07 12:07:51.684 +05:30  INF]  Now listening on: http://localhost:5092
[2026-04-07 12:07:51.851 +05:30  INF]  Application started. Press Ctrl+C to shut down.
[2026-04-07 12:07:51.851 +05:30  INF]  Hosting environment: Development
[2026-04-07 12:07:51.851 +05:30  INF]  Content root path: C:\Akanksha\Test\Test
[2026-04-07 12:07:52.200 +05:30  INF]  Request starting HTTP/2 GET https://localhost:7253/ - null null
[2026-04-07 12:07:52.647 +05:30  INF]  Executing endpoint 'Test.Controllers.AdminController.Login (Test)'
[2026-04-07 12:07:52.723 +05:30  INF]  Route matched with {action = "Login", controller = "Admin"}. Executing controller action with signature System.Threading.Tasks.Task`1[Microsoft.AspNetCore.Mvc.IActionResult] Login() on controller Test.Controllers.AdminController (Test).
[2026-04-07 12:07:52.754 +05:30  INF]  Today was so sunny!!
[2026-04-07 12:07:52.774 +05:30  INF]  Executing ViewResult, running view Login.
[2026-04-07 12:07:52.872 +05:30  INF]  Executed ViewResult - view Login executed in 100.6034ms.
[2026-04-07 12:07:52.874 +05:30  INF]  Executed action Test.Controllers.AdminController.Login (Test) in 150.0518ms
[2026-04-07 12:07:52.874 +05:30  INF]  Executed endpoint 'Test.Controllers.AdminController.Login (Test)'
[2026-04-07 12:07:52.883 +05:30  INF]  Request finished HTTP/2 GET https://localhost:7253/ - 200 null text/html; charset=utf-8 693.7453ms
[2026-04-07 12:07:52.904 +05:30  INF]  Request starting HTTP/2 GET https://localhost:7253/_framework/aspnetcore-browser-refresh.js - null null
[2026-04-07 12:07:52.923 +05:30  INF]  Request finished HTTP/2 GET https://localhost:7253/_framework/aspnetcore-browser-refresh.js - 200 16493 application/javascript; charset=utf-8 18.7377ms
[2026-04-07 12:07:52.964 +05:30  INF]  Request starting HTTP/2 GET https://localhost:7253/_vs/browserLink - null null
[2026-04-07 12:07:53.039 +05:30  INF]  Request finished HTTP/2 GET https://localhost:7253/_vs/browserLink - 200 null text/javascript; charset=UTF-8 75.016ms
[2026-04-07 12:13:51.034 +05:30  INF]  User profile is available. Using 'C:\Users\admin\AppData\Local\ASP.NET\DataProtection-Keys' as key repository and Windows DPAPI to encrypt keys at rest.
[2026-04-07 12:13:52.159 +05:30  INF]  Now listening on: https://localhost:7253
[2026-04-07 12:13:52.160 +05:30  INF]  Now listening on: http://localhost:5092
[2026-04-07 12:13:52.220 +05:30  INF]  Application started. Press Ctrl+C to shut down.
[2026-04-07 12:13:52.221 +05:30  INF]  Hosting environment: Development
[2026-04-07 12:13:52.221 +05:30  INF]  Content root path: C:\Akanksha\Test\Test
[2026-04-07 12:13:53.381 +05:30  INF]  Request starting HTTP/2 GET https://localhost:7253/ - null null
[2026-04-07 12:13:53.899 +05:30  INF]  Executing endpoint 'Test.Controllers.AdminController.Login (Test)'
[2026-04-07 12:13:53.981 +05:30  INF]  Route matched with {action = "Login", controller = "Admin"}. Executing controller action with signature System.Threading.Tasks.Task`1[Microsoft.AspNetCore.Mvc.IActionResult] Login() on controller Test.Controllers.AdminController (Test).
[2026-04-07 12:13:54.001 +05:30  INF]  Today was so sunny!!
[2026-04-07 12:13:54.020 +05:30  INF]  Executing ViewResult, running view Login.
[2026-04-07 12:13:54.133 +05:30  INF]  Executed ViewResult - view Login executed in 113.2554ms.
[2026-04-07 12:13:54.135 +05:30  INF]  Executed action Test.Controllers.AdminController.Login (Test) in 152.7503ms
[2026-04-07 12:13:54.135 +05:30  INF]  Executed endpoint 'Test.Controllers.AdminController.Login (Test)'
[2026-04-07 12:13:54.148 +05:30  INF]  Request finished HTTP/2 GET https://localhost:7253/ - 200 null text/html; charset=utf-8 778.2903ms
[2026-04-07 12:13:54.167 +05:30  INF]  Request starting HTTP/2 GET https://localhost:7253/_framework/aspnetcore-browser-refresh.js - null null
[2026-04-07 12:13:54.182 +05:30  INF]  Request finished HTTP/2 GET https://localhost:7253/_framework/aspnetcore-browser-refresh.js - 200 16493 application/javascript; charset=utf-8 15.3723ms
[2026-04-07 12:13:54.215 +05:30  INF]  Request starting HTTP/2 GET https://localhost:7253/_vs/browserLink - null null
[2026-04-07 12:13:54.289 +05:30  INF]  Request finished HTTP/2 GET https://localhost:7253/_vs/browserLink - 200 null text/javascript; charset=UTF-8 74.4382ms
[2026-04-07 12:39:47.686 +05:30  INF]  User profile is available. Using 'C:\Users\admin\AppData\Local\ASP.NET\DataProtection-Keys' as key repository and Windows DPAPI to encrypt keys at rest.
[2026-04-07 12:39:50.188 +05:30  INF]  Now listening on: https://localhost:7253
[2026-04-07 12:39:50.189 +05:30  INF]  Now listening on: http://localhost:5092
[2026-04-07 12:39:50.292 +05:30  INF]  Application started. Press Ctrl+C to shut down.
[2026-04-07 12:39:50.292 +05:30  INF]  Hosting environment: Development
[2026-04-07 12:39:50.293 +05:30  INF]  Content root path: C:\Akanksha\Test\Test
[2026-04-07 12:39:50.925 +05:30  INF]  Request starting HTTP/2 GET https://localhost:7253/ - null null
[2026-04-07 12:39:51.429 +05:30  INF]  Executing endpoint 'Test.Controllers.AdminController.Login (Test)'
[2026-04-07 12:39:51.494 +05:30  INF]  Route matched with {action = "Login", controller = "Admin"}. Executing controller action with signature System.Threading.Tasks.Task`1[Microsoft.AspNetCore.Mvc.IActionResult] Login() on controller Test.Controllers.AdminController (Test).
[2026-04-07 12:39:51.514 +05:30  INF]  Today was so sunny!!
[2026-04-07 12:39:51.535 +05:30  INF]  Executing ViewResult, running view Login.
[2026-04-07 12:39:51.631 +05:30  INF]  Executed ViewResult - view Login executed in 103.1482ms.
[2026-04-07 12:39:51.634 +05:30  INF]  Executed action Test.Controllers.AdminController.Login (Test) in 138.6051ms
[2026-04-07 12:39:51.638 +05:30  INF]  Executed endpoint 'Test.Controllers.AdminController.Login (Test)'
[2026-04-07 12:39:51.647 +05:30  INF]  Request finished HTTP/2 GET https://localhost:7253/ - 200 null text/html; charset=utf-8 731.9649ms
[2026-04-07 12:39:51.661 +05:30  INF]  Request starting HTTP/2 GET https://localhost:7253/_framework/aspnetcore-browser-refresh.js - null null
[2026-04-07 12:39:51.677 +05:30  INF]  Request finished HTTP/2 GET https://localhost:7253/_framework/aspnetcore-browser-refresh.js - 200 16493 application/javascript; charset=utf-8 16.2708ms
[2026-04-07 12:39:51.722 +05:30  INF]  Request starting HTTP/2 GET https://localhost:7253/_vs/browserLink - null null
[2026-04-07 12:39:51.807 +05:30  INF]  Request finished HTTP/2 GET https://localhost:7253/_vs/browserLink - 200 null text/javascript; charset=UTF-8 84.8093ms
[2026-04-07 12:45:56.801 +05:30  INF]  User profile is available. Using 'C:\Users\admin\AppData\Local\ASP.NET\DataProtection-Keys' as key repository and Windows DPAPI to encrypt keys at rest.
[2026-04-07 12:45:58.895 +05:30  INF]  Now listening on: https://localhost:7253
[2026-04-07 12:45:58.896 +05:30  INF]  Now listening on: http://localhost:5092
[2026-04-07 12:45:59.022 +05:30  INF]  Application started. Press Ctrl+C to shut down.
[2026-04-07 12:45:59.022 +05:30  INF]  Hosting environment: Development
[2026-04-07 12:45:59.022 +05:30  INF]  Content root path: C:\Akanksha\Test\Test
[2026-04-07 12:45:59.738 +05:30  INF]  Request starting HTTP/2 GET https://localhost:7253/ - null null
[2026-04-07 12:46:00.197 +05:30  INF]  Executing endpoint 'Test.Controllers.AdminController.Login (Test)'
[2026-04-07 12:46:00.278 +05:30  INF]  Route matched with {action = "Login", controller = "Admin"}. Executing controller action with signature System.Threading.Tasks.Task`1[Microsoft.AspNetCore.Mvc.IActionResult] Login() on controller Test.Controllers.AdminController (Test).
[2026-04-07 12:46:00.302 +05:30  INF]  Today was so sunny!!
[2026-04-07 12:46:00.335 +05:30  INF]  Executing ViewResult, running view Login.
[2026-04-07 12:46:00.443 +05:30  INF]  Executed ViewResult - view Login executed in 117.2268ms.
[2026-04-07 12:46:00.452 +05:30  INF]  Executed action Test.Controllers.AdminController.Login (Test) in 168.2041ms
[2026-04-07 12:46:00.453 +05:30  INF]  Executed endpoint 'Test.Controllers.AdminController.Login (Test)'
[2026-04-07 12:46:00.468 +05:30  INF]  Request finished HTTP/2 GET https://localhost:7253/ - 200 null text/html; charset=utf-8 742.2872ms
[2026-04-07 12:46:00.487 +05:30  INF]  Request starting HTTP/2 GET https://localhost:7253/_framework/aspnetcore-browser-refresh.js - null null
[2026-04-07 12:46:00.501 +05:30  INF]  Request finished HTTP/2 GET https://localhost:7253/_framework/aspnetcore-browser-refresh.js - 200 16493 application/javascript; charset=utf-8 13.0512ms
[2026-04-07 12:46:00.546 +05:30  INF]  Request starting HTTP/2 GET https://localhost:7253/_vs/browserLink - null null
[2026-04-07 12:46:00.623 +05:30  INF]  Request finished HTTP/2 GET https://localhost:7253/_vs/browserLink - 200 null text/javascript; charset=UTF-8 76.8322ms
[2026-04-07 12:51:07.414 +05:30  INF]  User profile is available. Using 'C:\Users\admin\AppData\Local\ASP.NET\DataProtection-Keys' as key repository and Windows DPAPI to encrypt keys at rest.
[2026-04-07 12:51:09.882 +05:30  INF]  Now listening on: https://localhost:7253
[2026-04-07 12:51:09.885 +05:30  INF]  Now listening on: http://localhost:5092
[2026-04-07 12:51:09.964 +05:30  INF]  Application started. Press Ctrl+C to shut down.
[2026-04-07 12:51:09.965 +05:30  INF]  Hosting environment: Development
[2026-04-07 12:51:09.965 +05:30  INF]  Content root path: C:\Akanksha\Test\Test
[2026-04-07 12:51:10.659 +05:30  INF]  Request starting HTTP/2 GET https://localhost:7253/ - null null
[2026-04-07 12:51:11.136 +05:30  INF]  Executing endpoint 'Test.Controllers.AdminController.Login (Test)'
[2026-04-07 12:51:11.259 +05:30  INF]  Route matched with {action = "Login", controller = "Admin"}. Executing controller action with signature System.Threading.Tasks.Task`1[Microsoft.AspNetCore.Mvc.IActionResult] Login() on controller Test.Controllers.AdminController (Test).
[2026-04-07 12:51:11.280 +05:30  INF]  Today was so sunny!!
[2026-04-07 12:51:11.297 +05:30  INF]  Executing ViewResult, running view Login.
[2026-04-07 12:51:11.395 +05:30  INF]  Executed ViewResult - view Login executed in 100.8704ms.
[2026-04-07 12:51:11.400 +05:30  INF]  Executed action Test.Controllers.AdminController.Login (Test) in 137.7457ms
[2026-04-07 12:51:11.400 +05:30  INF]  Executed endpoint 'Test.Controllers.AdminController.Login (Test)'
[2026-04-07 12:51:11.408 +05:30  INF]  Request finished HTTP/2 GET https://localhost:7253/ - 200 null text/html; charset=utf-8 760.934ms
[2026-04-07 12:51:11.422 +05:30  INF]  Request starting HTTP/2 GET https://localhost:7253/_framework/aspnetcore-browser-refresh.js - null null
[2026-04-07 12:51:11.434 +05:30  INF]  Request finished HTTP/2 GET https://localhost:7253/_framework/aspnetcore-browser-refresh.js - 200 16493 application/javascript; charset=utf-8 12.7605ms
[2026-04-07 12:51:11.482 +05:30  INF]  Request starting HTTP/2 GET https://localhost:7253/_vs/browserLink - null null
[2026-04-07 12:51:11.558 +05:30  INF]  Request finished HTTP/2 GET https://localhost:7253/_vs/browserLink - 200 null text/javascript; charset=UTF-8 75.7139ms
[2026-04-07 13:01:25.530 +05:30  INF]  User profile is available. Using 'C:\Users\admin\AppData\Local\ASP.NET\DataProtection-Keys' as key repository and Windows DPAPI to encrypt keys at rest.
[2026-04-07 13:01:27.585 +05:30  INF]  Now listening on: https://localhost:7253
[2026-04-07 13:01:27.586 +05:30  INF]  Now listening on: http://localhost:5092
[2026-04-07 13:01:27.721 +05:30  INF]  Application started. Press Ctrl+C to shut down.
[2026-04-07 13:01:27.721 +05:30  INF]  Hosting environment: Development
[2026-04-07 13:01:27.722 +05:30  INF]  Content root path: C:\Akanksha\Test\Test
[2026-04-07 13:01:28.389 +05:30  INF]  Request starting HTTP/2 GET https://localhost:7253/ - null null
[2026-04-07 13:01:28.828 +05:30  INF]  Executing endpoint 'Test.Controllers.AdminController.Login (Test)'
[2026-04-07 13:01:28.883 +05:30  INF]  Route matched with {action = "Login", controller = "Admin"}. Executing controller action with signature System.Threading.Tasks.Task`1[Microsoft.AspNetCore.Mvc.IActionResult] Login() on controller Test.Controllers.AdminController (Test).
[2026-04-07 13:01:28.901 +05:30  INF]  Today was so sunny!!
[2026-04-07 13:01:28.916 +05:30  INF]  Executing ViewResult, running view Login.
[2026-04-07 13:01:29.007 +05:30  INF]  Executed ViewResult - view Login executed in 91.5081ms.
[2026-04-07 13:01:29.009 +05:30  INF]  Executed action Test.Controllers.AdminController.Login (Test) in 125.5325ms
[2026-04-07 13:01:29.010 +05:30  INF]  Executed endpoint 'Test.Controllers.AdminController.Login (Test)'
[2026-04-07 13:01:29.019 +05:30  INF]  Request finished HTTP/2 GET https://localhost:7253/ - 200 null text/html; charset=utf-8 639.1521ms
[2026-04-07 13:01:29.039 +05:30  INF]  Request starting HTTP/2 GET https://localhost:7253/_framework/aspnetcore-browser-refresh.js - null null
[2026-04-07 13:01:29.055 +05:30  INF]  Request finished HTTP/2 GET https://localhost:7253/_framework/aspnetcore-browser-refresh.js - 200 16493 application/javascript; charset=utf-8 15.5791ms
[2026-04-07 13:01:29.104 +05:30  INF]  Request starting HTTP/2 GET https://localhost:7253/_vs/browserLink - null null
[2026-04-07 13:01:29.199 +05:30  INF]  Request finished HTTP/2 GET https://localhost:7253/_vs/browserLink - 200 null text/javascript; charset=UTF-8 94.8125ms
[2026-04-07 13:10:22.209 +05:30  INF]  User profile is available. Using 'C:\Users\admin\AppData\Local\ASP.NET\DataProtection-Keys' as key repository and Windows DPAPI to encrypt keys at rest.
[2026-04-07 13:10:24.771 +05:30  INF]  Now listening on: https://localhost:7253
[2026-04-07 13:10:24.785 +05:30  INF]  Now listening on: http://localhost:5092
[2026-04-07 13:10:24.873 +05:30  INF]  Application started. Press Ctrl+C to shut down.
[2026-04-07 13:10:24.873 +05:30  INF]  Hosting environment: Development
[2026-04-07 13:10:24.873 +05:30  INF]  Content root path: C:\Akanksha\Test\Test
[2026-04-07 13:10:25.279 +05:30  INF]  Request starting HTTP/2 GET https://localhost:7253/ - null null
[2026-04-07 13:10:25.907 +05:30  INF]  Executing endpoint 'Test.Controllers.AdminController.Login (Test)'
[2026-04-07 13:10:25.999 +05:30  INF]  Route matched with {action = "Login", controller = "Admin"}. Executing controller action with signature System.Threading.Tasks.Task`1[Microsoft.AspNetCore.Mvc.IActionResult] Login() on controller Test.Controllers.AdminController (Test).
[2026-04-07 13:10:26.025 +05:30  INF]  Today was so sunny!!
[2026-04-07 13:10:26.069 +05:30  INF]  Executing ViewResult, running view Login.
[2026-04-07 13:10:26.202 +05:30  INF]  Executed ViewResult - view Login executed in 148.5076ms.
[2026-04-07 13:10:26.203 +05:30  INF]  Executed action Test.Controllers.AdminController.Login (Test) in 202.6422ms
[2026-04-07 13:10:26.203 +05:30  INF]  Executed endpoint 'Test.Controllers.AdminController.Login (Test)'
[2026-04-07 13:10:26.237 +05:30  INF]  Request finished HTTP/2 GET https://localhost:7253/ - 200 null text/html; charset=utf-8 968.1025ms
[2026-04-07 13:10:26.275 +05:30  INF]  Request starting HTTP/2 GET https://localhost:7253/_framework/aspnetcore-browser-refresh.js - null null
[2026-04-07 13:10:26.332 +05:30  INF]  Request finished HTTP/2 GET https://localhost:7253/_framework/aspnetcore-browser-refresh.js - 200 16493 application/javascript; charset=utf-8 57.0848ms
[2026-04-07 13:10:26.348 +05:30  INF]  Request starting HTTP/2 GET https://localhost:7253/_vs/browserLink - null null
[2026-04-07 13:10:26.424 +05:30  INF]  Request finished HTTP/2 GET https://localhost:7253/_vs/browserLink - 200 null text/javascript; charset=UTF-8 76.2946ms
[2026-04-07 13:10:28.158 +05:30  INF]  Request starting HTTP/2 GET https://localhost:7253/favicon.ico - null null
[2026-04-07 13:10:28.167 +05:30  INF]  Executing endpoint 'Microsoft.AspNetCore.Routing.RouteEndpoint'
[2026-04-07 13:10:28.257 +05:30  INF]  Sending file. Request path: 'favicon.ico'. Physical path: 'C:\Akanksha\Test\Test\obj\Debug\net9.0\compressed\3om3alwwon-{0}-61n19gt1b8-61n19gt1b8.gz'
[2026-04-07 13:10:28.258 +05:30  INF]  Executed endpoint 'Microsoft.AspNetCore.Routing.RouteEndpoint'
[2026-04-07 13:10:28.259 +05:30  INF]  Request finished HTTP/2 GET https://localhost:7253/favicon.ico - 200 5463 image/x-icon 101.4319ms
[2026-04-07 13:12:05.524 +05:30  INF]  User profile is available. Using 'C:\Users\admin\AppData\Local\ASP.NET\DataProtection-Keys' as key repository and Windows DPAPI to encrypt keys at rest.
[2026-04-07 13:12:08.313 +05:30  INF]  Now listening on: https://localhost:7253
[2026-04-07 13:12:08.315 +05:30  INF]  Now listening on: http://localhost:5092
[2026-04-07 13:12:08.426 +05:30  INF]  Application started. Press Ctrl+C to shut down.
[2026-04-07 13:12:08.426 +05:30  INF]  Hosting environment: Development
[2026-04-07 13:12:08.426 +05:30  INF]  Content root path: C:\Akanksha\Test\Test
[2026-04-07 13:12:09.409 +05:30  INF]  Request starting HTTP/2 GET https://localhost:7253/ - null null
[2026-04-07 13:12:09.972 +05:30  INF]  Executing endpoint 'Test.Controllers.AdminController.Login (Test)'
[2026-04-07 13:12:10.043 +05:30  INF]  Route matched with {action = "Login", controller = "Admin"}. Executing controller action with signature System.Threading.Tasks.Task`1[Microsoft.AspNetCore.Mvc.IActionResult] Login() on controller Test.Controllers.AdminController (Test).
[2026-04-07 13:12:10.064 +05:30  INF]  Today was so sunny!!
[2026-04-07 13:12:10.091 +05:30  INF]  Executing ViewResult, running view Login.
[2026-04-07 13:12:10.199 +05:30  INF]  Executed ViewResult - view Login executed in 120.902ms.
[2026-04-07 13:12:10.201 +05:30  INF]  Executed action Test.Controllers.AdminController.Login (Test) in 157.0056ms
[2026-04-07 13:12:10.201 +05:30  INF]  Executed endpoint 'Test.Controllers.AdminController.Login (Test)'
[2026-04-07 13:12:10.212 +05:30  INF]  Request finished HTTP/2 GET https://localhost:7253/ - 200 null text/html; charset=utf-8 813.5411ms
[2026-04-07 13:12:11.561 +05:30  INF]  Request starting HTTP/2 GET https://localhost:7253/_framework/aspnetcore-browser-refresh.js - null null
[2026-04-07 13:12:11.580 +05:30  INF]  Request finished HTTP/2 GET https://localhost:7253/_framework/aspnetcore-browser-refresh.js - 200 16493 application/javascript; charset=utf-8 19.1688ms
[2026-04-07 13:12:11.618 +05:30  INF]  Request starting HTTP/2 GET https://localhost:7253/_vs/browserLink - null null
[2026-04-07 13:12:11.747 +05:30  INF]  Request finished HTTP/2 GET https://localhost:7253/_vs/browserLink - 200 null text/javascript; charset=UTF-8 129.2784ms
[2026-04-07 13:13:08.008 +05:30  INF]  User profile is available. Using 'C:\Users\admin\AppData\Local\ASP.NET\DataProtection-Keys' as key repository and Windows DPAPI to encrypt keys at rest.
[2026-04-07 13:13:11.582 +05:30  INF]  Now listening on: https://localhost:7253
[2026-04-07 13:13:11.583 +05:30  INF]  Now listening on: http://localhost:5092
[2026-04-07 13:13:11.691 +05:30  INF]  Application started. Press Ctrl+C to shut down.
[2026-04-07 13:13:11.691 +05:30  INF]  Hosting environment: Development
[2026-04-07 13:13:11.691 +05:30  INF]  Content root path: C:\Akanksha\Test\Test
[2026-04-07 13:13:12.148 +05:30  INF]  Request starting HTTP/2 GET https://localhost:7253/ - null null
[2026-04-07 13:13:12.602 +05:30  INF]  Executing endpoint 'Test.Controllers.AdminController.Login (Test)'
[2026-04-07 13:13:12.681 +05:30  INF]  Route matched with {action = "Login", controller = "Admin"}. Executing controller action with signature System.Threading.Tasks.Task`1[Microsoft.AspNetCore.Mvc.IActionResult] Login() on controller Test.Controllers.AdminController (Test).
[2026-04-07 13:13:12.705 +05:30  INF]  Today was so sunny!!
[2026-04-07 13:13:12.724 +05:30  INF]  Executing ViewResult, running view Login.
[2026-04-07 13:13:12.842 +05:30  INF]  Executed ViewResult - view Login executed in 120.1948ms.
[2026-04-07 13:13:12.845 +05:30  INF]  Executed action Test.Controllers.AdminController.Login (Test) in 162.6021ms
[2026-04-07 13:13:12.846 +05:30  INF]  Executed endpoint 'Test.Controllers.AdminController.Login (Test)'
[2026-04-07 13:13:12.863 +05:30  INF]  Request finished HTTP/2 GET https://localhost:7253/ - 200 null text/html; charset=utf-8 725.7659ms
[2026-04-07 13:13:12.935 +05:30  INF]  Request starting HTTP/2 GET https://localhost:7253/_framework/aspnetcore-browser-refresh.js - null null
[2026-04-07 13:13:12.939 +05:30  INF]  Request starting HTTP/2 GET https://localhost:7253/_vs/browserLink - null null
[2026-04-07 13:13:12.957 +05:30  INF]  Request finished HTTP/2 GET https://localhost:7253/_framework/aspnetcore-browser-refresh.js - 200 16493 application/javascript; charset=utf-8 24.2546ms
[2026-04-07 13:13:13.069 +05:30  INF]  Request finished HTTP/2 GET https://localhost:7253/_vs/browserLink - 200 null text/javascript; charset=UTF-8 130.0741ms
[2026-04-07 13:14:12.035 +05:30  INF]  User profile is available. Using 'C:\Users\admin\AppData\Local\ASP.NET\DataProtection-Keys' as key repository and Windows DPAPI to encrypt keys at rest.
[2026-04-07 13:14:13.565 +05:30  INF]  Now listening on: https://localhost:7253
[2026-04-07 13:14:13.566 +05:30  INF]  Now listening on: http://localhost:5092
[2026-04-07 13:14:13.679 +05:30  INF]  Application started. Press Ctrl+C to shut down.
[2026-04-07 13:14:13.679 +05:30  INF]  Hosting environment: Development
[2026-04-07 13:14:13.679 +05:30  INF]  Content root path: C:\Akanksha\Test\Test
[2026-04-07 13:14:14.415 +05:30  INF]  Request starting HTTP/2 GET https://localhost:7253/ - null null
[2026-04-07 13:14:14.858 +05:30  INF]  Executing endpoint 'Test.Controllers.AdminController.Login (Test)'
[2026-04-07 13:14:14.920 +05:30  INF]  Route matched with {action = "Login", controller = "Admin"}. Executing controller action with signature System.Threading.Tasks.Task`1[Microsoft.AspNetCore.Mvc.IActionResult] Login() on controller Test.Controllers.AdminController (Test).
[2026-04-07 13:14:14.941 +05:30  INF]  Today was so sunny!!
[2026-04-07 13:14:14.959 +05:30  INF]  Executing ViewResult, running view Login.
[2026-04-07 13:14:15.060 +05:30  INF]  Executed ViewResult - view Login executed in 106.4263ms.
[2026-04-07 13:14:15.062 +05:30  INF]  Executed action Test.Controllers.AdminController.Login (Test) in 140.4817ms
[2026-04-07 13:14:15.062 +05:30  INF]  Executed endpoint 'Test.Controllers.AdminController.Login (Test)'
[2026-04-07 13:14:15.081 +05:30  INF]  Request finished HTTP/2 GET https://localhost:7253/ - 200 null text/html; charset=utf-8 675.1022ms
[2026-04-07 13:14:15.094 +05:30  INF]  Request starting HTTP/2 GET https://localhost:7253/_framework/aspnetcore-browser-refresh.js - null null
[2026-04-07 13:14:15.182 +05:30  INF]  Request starting HTTP/2 GET https://localhost:7253/_vs/browserLink - null null
[2026-04-07 13:14:15.198 +05:30  INF]  Request finished HTTP/2 GET https://localhost:7253/_framework/aspnetcore-browser-refresh.js - 200 16493 application/javascript; charset=utf-8 103.8772ms
[2026-04-07 13:14:15.317 +05:30  INF]  Request finished HTTP/2 GET https://localhost:7253/_vs/browserLink - 200 null text/javascript; charset=UTF-8 134.5634ms
[2026-04-07 13:30:06.417 +05:30  INF]  User profile is available. Using 'C:\Users\admin\AppData\Local\ASP.NET\DataProtection-Keys' as key repository and Windows DPAPI to encrypt keys at rest.
[2026-04-07 13:30:08.184 +05:30  INF]  Now listening on: https://localhost:7253
[2026-04-07 13:30:08.186 +05:30  INF]  Now listening on: http://localhost:5092
[2026-04-07 13:30:08.252 +05:30  INF]  Application started. Press Ctrl+C to shut down.
[2026-04-07 13:30:08.252 +05:30  INF]  Hosting environment: Development
[2026-04-07 13:30:08.252 +05:30  INF]  Content root path: C:\Akanksha\Test\Test
[2026-04-07 13:30:08.705 +05:30  INF]  Request starting HTTP/2 GET https://localhost:7253/ - null null
[2026-04-07 13:30:09.048 +05:30  INF]  Executing endpoint 'Test.Controllers.AdminController.Login (Test)'
[2026-04-07 13:30:09.102 +05:30  INF]  Route matched with {action = "Login", controller = "Admin"}. Executing controller action with signature System.Threading.Tasks.Task`1[Microsoft.AspNetCore.Mvc.IActionResult] Login() on controller Test.Controllers.AdminController (Test).
[2026-04-07 13:30:09.116 +05:30  INF]  Today was so sunny!!
[2026-04-07 13:30:09.127 +05:30  INF]  Executing ViewResult, running view Login.
[2026-04-07 13:30:09.193 +05:30  INF]  Executed ViewResult - view Login executed in 66.9048ms.
[2026-04-07 13:30:09.196 +05:30  INF]  Executed action Test.Controllers.AdminController.Login (Test) in 92.8795ms
[2026-04-07 13:30:09.197 +05:30  INF]  Executed endpoint 'Test.Controllers.AdminController.Login (Test)'
[2026-04-07 13:30:09.207 +05:30  INF]  Request finished HTTP/2 GET https://localhost:7253/ - 200 null text/html; charset=utf-8 511.5323ms
[2026-04-07 13:30:09.226 +05:30  INF]  Request starting HTTP/2 GET https://localhost:7253/_framework/aspnetcore-browser-refresh.js - null null
[2026-04-07 13:30:09.241 +05:30  INF]  Request finished HTTP/2 GET https://localhost:7253/_framework/aspnetcore-browser-refresh.js - 200 16493 application/javascript; charset=utf-8 15.7617ms
[2026-04-07 13:30:09.279 +05:30  INF]  Request starting HTTP/2 GET https://localhost:7253/_vs/browserLink - null null
[2026-04-07 13:30:09.389 +05:30  INF]  Request finished HTTP/2 GET https://localhost:7253/_vs/browserLink - 200 null text/javascript; charset=UTF-8 109.8718ms
[2026-04-07 13:47:40.748 +05:30  INF]  User profile is available. Using 'C:\Users\admin\AppData\Local\ASP.NET\DataProtection-Keys' as key repository and Windows DPAPI to encrypt keys at rest.
[2026-04-07 13:47:43.002 +05:30  INF]  Now listening on: https://localhost:7253
[2026-04-07 13:47:43.005 +05:30  INF]  Now listening on: http://localhost:5092
[2026-04-07 13:47:43.093 +05:30  INF]  Application started. Press Ctrl+C to shut down.
[2026-04-07 13:47:43.093 +05:30  INF]  Hosting environment: Development
[2026-04-07 13:47:43.093 +05:30  INF]  Content root path: C:\Akanksha\Test\Test
[2026-04-07 13:47:43.636 +05:30  INF]  Request starting HTTP/2 GET https://localhost:7253/ - null null
[2026-04-07 13:47:44.320 +05:30  INF]  Executing endpoint 'Test.Controllers.AdminController.Login (Test)'
[2026-04-07 13:47:44.397 +05:30  INF]  Route matched with {action = "Login", controller = "Admin"}. Executing controller action with signature System.Threading.Tasks.Task`1[Microsoft.AspNetCore.Mvc.IActionResult] Login() on controller Test.Controllers.AdminController (Test).
[2026-04-07 13:47:44.418 +05:30  INF]  Today was so sunny!!
[2026-04-07 13:47:44.435 +05:30  INF]  Executing ViewResult, running view Login.
[2026-04-07 13:47:44.549 +05:30  INF]  Executed ViewResult - view Login executed in 115.2713ms.
[2026-04-07 13:47:44.552 +05:30  INF]  Executed action Test.Controllers.AdminController.Login (Test) in 152.7105ms
[2026-04-07 13:47:44.552 +05:30  INF]  Executed endpoint 'Test.Controllers.AdminController.Login (Test)'
[2026-04-07 13:47:44.564 +05:30  INF]  Request finished HTTP/2 GET https://localhost:7253/ - 200 null text/html; charset=utf-8 934.276ms
[2026-04-07 13:47:44.578 +05:30  INF]  Request starting HTTP/2 GET https://localhost:7253/_framework/aspnetcore-browser-refresh.js - null null
[2026-04-07 13:47:44.596 +05:30  INF]  Request finished HTTP/2 GET https://localhost:7253/_framework/aspnetcore-browser-refresh.js - 200 16493 application/javascript; charset=utf-8 20.2623ms
[2026-04-07 13:47:44.636 +05:30  INF]  Request starting HTTP/2 GET https://localhost:7253/_vs/browserLink - null null
[2026-04-07 13:47:44.717 +05:30  INF]  Request finished HTTP/2 GET https://localhost:7253/_vs/browserLink - 200 null text/javascript; charset=UTF-8 80.7016ms
[2026-04-07 13:51:55.009 +05:30  INF]  User profile is available. Using 'C:\Users\admin\AppData\Local\ASP.NET\DataProtection-Keys' as key repository and Windows DPAPI to encrypt keys at rest.
[2026-04-07 13:51:57.054 +05:30  INF]  Now listening on: https://localhost:7253
[2026-04-07 13:51:57.055 +05:30  INF]  Now listening on: http://localhost:5092
[2026-04-07 13:51:57.213 +05:30  INF]  Application started. Press Ctrl+C to shut down.
[2026-04-07 13:51:57.214 +05:30  INF]  Hosting environment: Development
[2026-04-07 13:51:57.214 +05:30  INF]  Content root path: C:\Akanksha\Test\Test
[2026-04-07 13:51:57.981 +05:30  INF]  Request starting HTTP/2 GET https://localhost:7253/ - null null
[2026-04-07 13:51:58.593 +05:30  INF]  Executing endpoint 'Test.Controllers.AdminController.Login (Test)'
[2026-04-07 13:51:58.677 +05:30  INF]  Route matched with {action = "Login", controller = "Admin"}. Executing controller action with signature System.Threading.Tasks.Task`1[Microsoft.AspNetCore.Mvc.IActionResult] Login() on controller Test.Controllers.AdminController (Test).
[2026-04-07 13:51:58.701 +05:30  INF]  Today was so sunny!!
[2026-04-07 13:51:58.718 +05:30  INF]  Executing ViewResult, running view Login.
[2026-04-07 13:51:58.834 +05:30  INF]  Executed ViewResult - view Login executed in 120.929ms.
[2026-04-07 13:51:58.837 +05:30  INF]  Executed action Test.Controllers.AdminController.Login (Test) in 158.1475ms
[2026-04-07 13:51:58.837 +05:30  INF]  Executed endpoint 'Test.Controllers.AdminController.Login (Test)'
[2026-04-07 13:51:58.845 +05:30  INF]  Request finished HTTP/2 GET https://localhost:7253/ - 200 null text/html; charset=utf-8 874.499ms
[2026-04-07 13:51:58.866 +05:30  INF]  Request starting HTTP/2 GET https://localhost:7253/_framework/aspnetcore-browser-refresh.js - null null
[2026-04-07 13:51:58.880 +05:30  INF]  Request finished HTTP/2 GET https://localhost:7253/_framework/aspnetcore-browser-refresh.js - 200 16493 application/javascript; charset=utf-8 14.6456ms
[2026-04-07 13:51:58.919 +05:30  INF]  Request starting HTTP/2 GET https://localhost:7253/_vs/browserLink - null null
[2026-04-07 13:51:59.002 +05:30  INF]  Request finished HTTP/2 GET https://localhost:7253/_vs/browserLink - 200 null text/javascript; charset=UTF-8 83.3057ms
[2026-04-07 13:53:09.053 +05:30  INF]  User profile is available. Using 'C:\Users\admin\AppData\Local\ASP.NET\DataProtection-Keys' as key repository and Windows DPAPI to encrypt keys at rest.
[2026-04-07 13:53:10.484 +05:30  INF]  Now listening on: https://localhost:7253
[2026-04-07 13:53:10.485 +05:30  INF]  Now listening on: http://localhost:5092
[2026-04-07 13:53:10.600 +05:30  INF]  Application started. Press Ctrl+C to shut down.
[2026-04-07 13:53:10.601 +05:30  INF]  Hosting environment: Development
[2026-04-07 13:53:10.601 +05:30  INF]  Content root path: C:\Akanksha\Test\Test
[2026-04-07 13:53:11.155 +05:30  INF]  Request starting HTTP/2 GET https://localhost:7253/ - null null
[2026-04-07 13:53:11.585 +05:30  INF]  Executing endpoint 'Test.Controllers.AdminController.Login (Test)'
[2026-04-07 13:53:11.659 +05:30  INF]  Route matched with {action = "Login", controller = "Admin"}. Executing controller action with signature System.Threading.Tasks.Task`1[Microsoft.AspNetCore.Mvc.IActionResult] Login() on controller Test.Controllers.AdminController (Test).
[2026-04-07 13:53:11.690 +05:30  INF]  Today was so sunny!!
[2026-04-07 13:53:11.709 +05:30  INF]  Executing ViewResult, running view Login.
[2026-04-07 13:53:11.805 +05:30  INF]  Executed ViewResult - view Login executed in 101.1889ms.
[2026-04-07 13:53:11.807 +05:30  INF]  Executed action Test.Controllers.AdminController.Login (Test) in 146.9519ms
[2026-04-07 13:53:11.807 +05:30  INF]  Executed endpoint 'Test.Controllers.AdminController.Login (Test)'
[2026-04-07 13:53:11.820 +05:30  INF]  Request finished HTTP/2 GET https://localhost:7253/ - 200 null text/html; charset=utf-8 675.6262ms
[2026-04-07 13:53:11.838 +05:30  INF]  Request starting HTTP/2 GET https://localhost:7253/_framework/aspnetcore-browser-refresh.js - null null
[2026-04-07 13:53:11.853 +05:30  INF]  Request finished HTTP/2 GET https://localhost:7253/_framework/aspnetcore-browser-refresh.js - 200 16493 application/javascript; charset=utf-8 15.2311ms
[2026-04-07 13:53:11.914 +05:30  INF]  Request starting HTTP/2 GET https://localhost:7253/_vs/browserLink - null null
[2026-04-07 13:53:12.008 +05:30  INF]  Request finished HTTP/2 GET https://localhost:7253/_vs/browserLink - 200 null text/javascript; charset=UTF-8 94.0783ms
[2026-04-07 13:55:48.774 +05:30  INF]  User profile is available. Using 'C:\Users\admin\AppData\Local\ASP.NET\DataProtection-Keys' as key repository and Windows DPAPI to encrypt keys at rest.
[2026-04-07 13:55:50.088 +05:30  INF]  Now listening on: https://localhost:7253
[2026-04-07 13:55:50.090 +05:30  INF]  Now listening on: http://localhost:5092
[2026-04-07 13:55:50.205 +05:30  INF]  Application started. Press Ctrl+C to shut down.
[2026-04-07 13:55:50.205 +05:30  INF]  Hosting environment: Development
[2026-04-07 13:55:50.205 +05:30  INF]  Content root path: C:\Akanksha\Test\Test
[2026-04-07 13:55:50.713 +05:30  INF]  Request starting HTTP/2 GET https://localhost:7253/ - null null
[2026-04-07 13:55:51.137 +05:30  INF]  Executing endpoint 'Test.Controllers.AdminController.Login (Test)'
[2026-04-07 13:55:51.205 +05:30  INF]  Route matched with {action = "Login", controller = "Admin"}. Executing controller action with signature System.Threading.Tasks.Task`1[Microsoft.AspNetCore.Mvc.IActionResult] Login() on controller Test.Controllers.AdminController (Test).
[2026-04-07 13:55:51.225 +05:30  INF]  Today was so sunny!!
[2026-04-07 13:55:51.244 +05:30  INF]  Executing ViewResult, running view Login.
[2026-04-07 13:55:51.365 +05:30  INF]  Executed ViewResult - view Login executed in 125.9829ms.
[2026-04-07 13:55:51.367 +05:30  INF]  Executed action Test.Controllers.AdminController.Login (Test) in 160.429ms
[2026-04-07 13:55:51.367 +05:30  INF]  Executed endpoint 'Test.Controllers.AdminController.Login (Test)'
[2026-04-07 13:55:51.372 +05:30  INF]  Request finished HTTP/2 GET https://localhost:7253/ - 200 null text/html; charset=utf-8 668.9039ms
[2026-04-07 13:55:51.418 +05:30  INF]  Request starting HTTP/2 GET https://localhost:7253/_framework/aspnetcore-browser-refresh.js - null null
[2026-04-07 13:55:51.449 +05:30  INF]  Request finished HTTP/2 GET https://localhost:7253/_framework/aspnetcore-browser-refresh.js - 200 16493 application/javascript; charset=utf-8 30.1724ms
[2026-04-07 13:55:51.469 +05:30  INF]  Request starting HTTP/2 GET https://localhost:7253/_vs/browserLink - null null
[2026-04-07 13:55:51.571 +05:30  INF]  Request finished HTTP/2 GET https://localhost:7253/_vs/browserLink - 200 null text/javascript; charset=UTF-8 101.2552ms
[2026-04-07 13:58:28.899 +05:30  INF]  User profile is available. Using 'C:\Users\admin\AppData\Local\ASP.NET\DataProtection-Keys' as key repository and Windows DPAPI to encrypt keys at rest.
[2026-04-07 13:58:30.913 +05:30  INF]  Now listening on: https://localhost:7253
[2026-04-07 13:58:30.914 +05:30  INF]  Now listening on: http://localhost:5092
[2026-04-07 13:58:31.137 +05:30  INF]  Application started. Press Ctrl+C to shut down.
[2026-04-07 13:58:31.138 +05:30  INF]  Hosting environment: Development
[2026-04-07 13:58:31.138 +05:30  INF]  Content root path: C:\Akanksha\Test\Test
[2026-04-07 13:58:31.681 +05:30  INF]  Request starting HTTP/2 GET https://localhost:7253/ - null null
[2026-04-07 13:58:32.181 +05:30  INF]  Executing endpoint 'Test.Controllers.AdminController.Login (Test)'
[2026-04-07 13:58:32.260 +05:30  INF]  Route matched with {action = "Login", controller = "Admin"}. Executing controller action with signature System.Threading.Tasks.Task`1[Microsoft.AspNetCore.Mvc.IActionResult] Login() on controller Test.Controllers.AdminController (Test).
[2026-04-07 13:58:32.280 +05:30  INF]  Today was so sunny!!
[2026-04-07 13:58:32.300 +05:30  INF]  Executing ViewResult, running view Login.
[2026-04-07 13:58:32.406 +05:30  INF]  Executed ViewResult - view Login executed in 112.2006ms.
[2026-04-07 13:58:32.407 +05:30  INF]  Executed action Test.Controllers.AdminController.Login (Test) in 145.552ms
[2026-04-07 13:58:32.408 +05:30  INF]  Executed endpoint 'Test.Controllers.AdminController.Login (Test)'
[2026-04-07 13:58:32.414 +05:30  INF]  Request finished HTTP/2 GET https://localhost:7253/ - 200 null text/html; charset=utf-8 743.6448ms
[2026-04-07 13:58:32.488 +05:30  INF]  Request starting HTTP/2 GET https://localhost:7253/_framework/aspnetcore-browser-refresh.js - null null
[2026-04-07 13:58:32.520 +05:30  INF]  Request finished HTTP/2 GET https://localhost:7253/_framework/aspnetcore-browser-refresh.js - 200 16493 application/javascript; charset=utf-8 33.0762ms
[2026-04-07 13:58:32.550 +05:30  INF]  Request starting HTTP/2 GET https://localhost:7253/_vs/browserLink - null null
[2026-04-07 13:58:32.664 +05:30  INF]  Request finished HTTP/2 GET https://localhost:7253/_vs/browserLink - 200 null text/javascript; charset=UTF-8 113.5207ms
[2026-04-07 14:42:26.412 +05:30  INF]  User profile is available. Using 'C:\Users\admin\AppData\Local\ASP.NET\DataProtection-Keys' as key repository and Windows DPAPI to encrypt keys at rest.
[2026-04-07 14:42:28.623 +05:30  INF]  Now listening on: https://localhost:7253
[2026-04-07 14:42:28.624 +05:30  INF]  Now listening on: http://localhost:5092
[2026-04-07 14:42:28.744 +05:30  INF]  Application started. Press Ctrl+C to shut down.
[2026-04-07 14:42:28.744 +05:30  INF]  Hosting environment: Development
[2026-04-07 14:42:28.744 +05:30  INF]  Content root path: C:\Akanksha\Test\Test
[2026-04-07 14:42:29.451 +05:30  INF]  Request starting HTTP/2 GET https://localhost:7253/ - null null
[2026-04-07 14:42:30.032 +05:30  INF]  Executing endpoint 'Test.Controllers.AdminController.Login (Test)'
[2026-04-07 14:42:30.187 +05:30  INF]  Route matched with {action = "Login", controller = "Admin"}. Executing controller action with signature System.Threading.Tasks.Task`1[Microsoft.AspNetCore.Mvc.IActionResult] Login() on controller Test.Controllers.AdminController (Test).
[2026-04-07 14:42:30.213 +05:30  INF]  Today was so sunny!!
[2026-04-07 14:42:30.232 +05:30  INF]  Executing ViewResult, running view Login.
[2026-04-07 14:42:30.364 +05:30  INF]  Executed ViewResult - view Login executed in 138.2803ms.
[2026-04-07 14:42:30.366 +05:30  INF]  Executed action Test.Controllers.AdminController.Login (Test) in 177.6685ms
[2026-04-07 14:42:30.366 +05:30  INF]  Executed endpoint 'Test.Controllers.AdminController.Login (Test)'
[2026-04-07 14:42:30.372 +05:30  INF]  Request finished HTTP/2 GET https://localhost:7253/ - 200 null text/html; charset=utf-8 931.6073ms
[2026-04-07 14:42:30.418 +05:30  INF]  Request starting HTTP/2 GET https://localhost:7253/_framework/aspnetcore-browser-refresh.js - null null
[2026-04-07 14:42:30.435 +05:30  INF]  Request finished HTTP/2 GET https://localhost:7253/_framework/aspnetcore-browser-refresh.js - 200 16493 application/javascript; charset=utf-8 16.8162ms
[2026-04-07 14:42:30.474 +05:30  INF]  Request starting HTTP/2 GET https://localhost:7253/_vs/browserLink - null null
[2026-04-07 14:42:30.556 +05:30  INF]  Request finished HTTP/2 GET https://localhost:7253/_vs/browserLink - 200 null text/javascript; charset=UTF-8 82.1425ms
[2026-04-07 15:03:26.683 +05:30  INF]  User profile is available. Using 'C:\Users\admin\AppData\Local\ASP.NET\DataProtection-Keys' as key repository and Windows DPAPI to encrypt keys at rest.
[2026-04-07 15:03:28.223 +05:30  INF]  Now listening on: https://localhost:7253
[2026-04-07 15:03:28.224 +05:30  INF]  Now listening on: http://localhost:5092
[2026-04-07 15:03:29.284 +05:30  INF]  Application started. Press Ctrl+C to shut down.
[2026-04-07 15:03:29.285 +05:30  INF]  Hosting environment: Development
[2026-04-07 15:03:29.285 +05:30  INF]  Content root path: C:\Akanksha\Test\Test
[2026-04-07 15:03:29.830 +05:30  INF]  Request starting HTTP/2 GET https://localhost:7253/ - null null
[2026-04-07 15:03:30.295 +05:30  INF]  Executing endpoint 'Test.Controllers.AdminController.Login (Test)'
[2026-04-07 15:03:30.381 +05:30  INF]  Route matched with {action = "Login", controller = "Admin"}. Executing controller action with signature System.Threading.Tasks.Task`1[Microsoft.AspNetCore.Mvc.IActionResult] Login() on controller Test.Controllers.AdminController (Test).
[2026-04-07 15:03:30.415 +05:30  INF]  Today was so sunny!!
[2026-04-07 15:03:30.433 +05:30  INF]  Executing ViewResult, running view Login.
[2026-04-07 15:03:30.572 +05:30  INF]  Executed ViewResult - view Login executed in 142.4152ms.
[2026-04-07 15:03:30.573 +05:30  INF]  Executed action Test.Controllers.AdminController.Login (Test) in 191.3699ms
[2026-04-07 15:03:30.574 +05:30  INF]  Executed endpoint 'Test.Controllers.AdminController.Login (Test)'
[2026-04-07 15:03:30.578 +05:30  INF]  Request finished HTTP/2 GET https://localhost:7253/ - 200 null text/html; charset=utf-8 758.7098ms
[2026-04-07 15:03:30.616 +05:30  INF]  Request starting HTTP/2 GET https://localhost:7253/_framework/aspnetcore-browser-refresh.js - null null
[2026-04-07 15:03:30.654 +05:30  INF]  Request finished HTTP/2 GET https://localhost:7253/_framework/aspnetcore-browser-refresh.js - 200 16493 application/javascript; charset=utf-8 37.4561ms
[2026-04-07 15:03:30.727 +05:30  INF]  Request starting HTTP/2 GET https://localhost:7253/_vs/browserLink - null null
[2026-04-07 15:03:30.845 +05:30  INF]  Request finished HTTP/2 GET https://localhost:7253/_vs/browserLink - 200 null text/javascript; charset=UTF-8 118.7383ms
[2026-04-07 15:03:30.890 +05:30  INF]  Request starting HTTP/2 GET https://localhost:7253/favicon.ico - null null
[2026-04-07 15:03:30.898 +05:30  INF]  Executing endpoint 'Microsoft.AspNetCore.Routing.RouteEndpoint'
[2026-04-07 15:03:30.993 +05:30  INF]  Sending file. Request path: 'favicon.ico'. Physical path: 'C:\Akanksha\Test\Test\obj\Debug\net9.0\compressed\3om3alwwon-{0}-61n19gt1b8-61n19gt1b8.gz'
[2026-04-07 15:03:30.995 +05:30  INF]  Executed endpoint 'Microsoft.AspNetCore.Routing.RouteEndpoint'
[2026-04-07 15:03:30.997 +05:30  INF]  Request finished HTTP/2 GET https://localhost:7253/favicon.ico - 200 5463 image/x-icon 107.7917ms
[2026-04-07 15:11:14.052 +05:30  INF]  User profile is available. Using 'C:\Users\admin\AppData\Local\ASP.NET\DataProtection-Keys' as key repository and Windows DPAPI to encrypt keys at rest.
[2026-04-07 15:11:16.427 +05:30  INF]  Now listening on: https://localhost:7253
[2026-04-07 15:11:16.428 +05:30  INF]  Now listening on: http://localhost:5092
[2026-04-07 15:11:16.683 +05:30  INF]  Application started. Press Ctrl+C to shut down.
[2026-04-07 15:11:16.683 +05:30  INF]  Hosting environment: Development
[2026-04-07 15:11:16.683 +05:30  INF]  Content root path: C:\Akanksha\Test\Test
[2026-04-07 15:11:17.486 +05:30  INF]  Request starting HTTP/2 GET https://localhost:7253/ - null null
[2026-04-07 15:11:17.960 +05:30  INF]  Executing endpoint 'Test.Controllers.AdminController.Login (Test)'
[2026-04-07 15:11:18.044 +05:30  INF]  Route matched with {action = "Login", controller = "Admin"}. Executing controller action with signature System.Threading.Tasks.Task`1[Microsoft.AspNetCore.Mvc.IActionResult] Login() on controller Test.Controllers.AdminController (Test).
[2026-04-07 15:11:18.066 +05:30  INF]  Today was so sunny!!
[2026-04-07 15:11:18.083 +05:30  INF]  Executing ViewResult, running view Login.
[2026-04-07 15:11:18.214 +05:30  INF]  Executed ViewResult - view Login executed in 130.8042ms.
[2026-04-07 15:11:18.217 +05:30  INF]  Executed action Test.Controllers.AdminController.Login (Test) in 170.4786ms
[2026-04-07 15:11:18.218 +05:30  INF]  Executed endpoint 'Test.Controllers.AdminController.Login (Test)'
[2026-04-07 15:11:18.232 +05:30  INF]  Request finished HTTP/2 GET https://localhost:7253/ - 200 null text/html; charset=utf-8 757.0898ms
[2026-04-07 15:11:18.242 +05:30  INF]  Request starting HTTP/2 GET https://localhost:7253/_framework/aspnetcore-browser-refresh.js - null null
[2026-04-07 15:11:18.262 +05:30  INF]  Request finished HTTP/2 GET https://localhost:7253/_framework/aspnetcore-browser-refresh.js - 200 16493 application/javascript; charset=utf-8 20.3472ms
[2026-04-07 15:11:18.305 +05:30  INF]  Request starting HTTP/2 GET https://localhost:7253/_vs/browserLink - null null
[2026-04-07 15:11:18.391 +05:30  INF]  Request finished HTTP/2 GET https://localhost:7253/_vs/browserLink - 200 null text/javascript; charset=UTF-8 85.812ms
[2026-04-07 15:26:38.035 +05:30  INF]  User profile is available. Using 'C:\Users\admin\AppData\Local\ASP.NET\DataProtection-Keys' as key repository and Windows DPAPI to encrypt keys at rest.
[2026-04-07 15:26:40.097 +05:30  INF]  Now listening on: https://localhost:7253
[2026-04-07 15:26:40.098 +05:30  INF]  Now listening on: http://localhost:5092
[2026-04-07 15:26:40.205 +05:30  INF]  Application started. Press Ctrl+C to shut down.
[2026-04-07 15:26:40.206 +05:30  INF]  Hosting environment: Development
[2026-04-07 15:26:40.206 +05:30  INF]  Content root path: C:\Akanksha\Test\Test
[2026-04-07 15:26:40.766 +05:30  INF]  Request starting HTTP/2 GET https://localhost:7253/ - null null
[2026-04-07 15:26:42.046 +05:30  INF]  Executing endpoint 'Test.Controllers.AdminController.Login (Test)'
[2026-04-07 15:26:42.151 +05:30  INF]  Route matched with {action = "Login", controller = "Admin"}. Executing controller action with signature System.Threading.Tasks.Task`1[Microsoft.AspNetCore.Mvc.IActionResult] Login() on controller Test.Controllers.AdminController (Test).
[2026-04-07 15:26:42.195 +05:30  INF]  Today was so sunny!!
[2026-04-07 15:26:42.214 +05:30  INF]  Executing ViewResult, running view Login.
[2026-04-07 15:26:42.320 +05:30  INF]  Executed ViewResult - view Login executed in 111.5614ms.
[2026-04-07 15:26:42.324 +05:30  INF]  Executed action Test.Controllers.AdminController.Login (Test) in 170.6356ms
[2026-04-07 15:26:42.325 +05:30  INF]  Executed endpoint 'Test.Controllers.AdminController.Login (Test)'
[2026-04-07 15:26:42.331 +05:30  INF]  Request finished HTTP/2 GET https://localhost:7253/ - 200 null text/html; charset=utf-8 1573.2254ms
[2026-04-07 15:26:42.353 +05:30  INF]  Request starting HTTP/2 GET https://localhost:7253/_framework/aspnetcore-browser-refresh.js - null null
[2026-04-07 15:26:42.372 +05:30  INF]  Request finished HTTP/2 GET https://localhost:7253/_framework/aspnetcore-browser-refresh.js - 200 16493 application/javascript; charset=utf-8 18.6126ms
[2026-04-07 15:26:42.578 +05:30  INF]  Request starting HTTP/2 GET https://localhost:7253/_vs/browserLink - null null
[2026-04-07 15:26:42.634 +05:30  INF]  Request finished HTTP/2 GET https://localhost:7253/_vs/browserLink - 200 null text/javascript; charset=UTF-8 55.9102ms
[2026-04-07 15:26:42.678 +05:30  INF]  Request starting HTTP/2 GET https://localhost:7253/favicon.ico - null null
[2026-04-07 15:26:42.685 +05:30  INF]  Executing endpoint 'Microsoft.AspNetCore.Routing.RouteEndpoint'
[2026-04-07 15:26:42.770 +05:30  INF]  Sending file. Request path: 'favicon.ico'. Physical path: 'C:\Akanksha\Test\Test\obj\Debug\net9.0\compressed\3om3alwwon-{0}-61n19gt1b8-61n19gt1b8.gz'
[2026-04-07 15:26:42.772 +05:30  INF]  Executed endpoint 'Microsoft.AspNetCore.Routing.RouteEndpoint'
[2026-04-07 15:26:42.774 +05:30  INF]  Request finished HTTP/2 GET https://localhost:7253/favicon.ico - 200 5463 image/x-icon 96.2377ms
[2026-04-07 18:18:39.766 +05:30  INF]  User profile is available. Using 'C:\Users\admin\AppData\Local\ASP.NET\DataProtection-Keys' as key repository and Windows DPAPI to encrypt keys at rest.
[2026-04-07 18:18:41.385 +05:30  INF]  Now listening on: https://localhost:7253
[2026-04-07 18:18:41.386 +05:30  INF]  Now listening on: http://localhost:5092
[2026-04-07 18:18:41.472 +05:30  INF]  Application started. Press Ctrl+C to shut down.
[2026-04-07 18:18:41.472 +05:30  INF]  Hosting environment: Development
[2026-04-07 18:18:41.472 +05:30  INF]  Content root path: C:\Akanksha\Test\Test
[2026-04-07 18:18:42.188 +05:30  INF]  Request starting HTTP/2 GET https://localhost:7253/ - null null
[2026-04-07 18:18:42.544 +05:30  INF]  Executing endpoint 'Test.Controllers.AdminController.Login (Test)'
[2026-04-07 18:18:42.628 +05:30  INF]  Route matched with {action = "Login", controller = "Admin"}. Executing controller action with signature System.Threading.Tasks.Task`1[Microsoft.AspNetCore.Mvc.IActionResult] Login() on controller Test.Controllers.AdminController (Test).
[2026-04-07 18:18:42.651 +05:30  INF]  Today was so sunny!!
[2026-04-07 18:18:42.674 +05:30  INF]  Executing ViewResult, running view Login.
[2026-04-07 18:18:42.799 +05:30  INF]  Executed ViewResult - view Login executed in 128.7341ms.
[2026-04-07 18:18:42.802 +05:30  INF]  Executed action Test.Controllers.AdminController.Login (Test) in 172.0692ms
[2026-04-07 18:18:42.802 +05:30  INF]  Executed endpoint 'Test.Controllers.AdminController.Login (Test)'
[2026-04-07 18:18:42.814 +05:30  INF]  Request finished HTTP/2 GET https://localhost:7253/ - 200 null text/html; charset=utf-8 633.9304ms
[2026-04-07 18:18:42.837 +05:30  INF]  Request starting HTTP/2 GET https://localhost:7253/_framework/aspnetcore-browser-refresh.js - null null
[2026-04-07 18:18:42.871 +05:30  INF]  Request finished HTTP/2 GET https://localhost:7253/_framework/aspnetcore-browser-refresh.js - 200 16493 application/javascript; charset=utf-8 34.2717ms
[2026-04-07 18:18:42.914 +05:30  INF]  Request starting HTTP/2 GET https://localhost:7253/_vs/browserLink - null null
[2026-04-07 18:18:43.050 +05:30  INF]  Request finished HTTP/2 GET https://localhost:7253/_vs/browserLink - 200 null text/javascript; charset=UTF-8 137.1289ms
[2026-04-07 18:18:43.095 +05:30  INF]  Request starting HTTP/2 GET https://localhost:7253/favicon.ico - null null
[2026-04-07 18:18:43.104 +05:30  INF]  Executing endpoint 'Microsoft.AspNetCore.Routing.RouteEndpoint'
[2026-04-07 18:18:43.657 +05:30  INF]  Sending file. Request path: 'favicon.ico'. Physical path: 'C:\Akanksha\Test\Test\obj\Debug\net9.0\compressed\3om3alwwon-{0}-61n19gt1b8-61n19gt1b8.gz'
[2026-04-07 18:18:43.659 +05:30  INF]  Executed endpoint 'Microsoft.AspNetCore.Routing.RouteEndpoint'
[2026-04-07 18:18:43.661 +05:30  INF]  Request finished HTTP/2 GET https://localhost:7253/favicon.ico - 200 5463 image/x-icon 566.1016ms
